<?xml version="1.0" encoding="UTF-8"?>
<!-- Generated by org.testng.reporters.JUnitReportReporter -->
<testsuite hostname="madhu-PC" failures="0" tests="3" name="RestAssuredDemo.DynamicJson" time="10.185" errors="0" timestamp="2024-10-01T17:54:54 IST" skipped="0">
  <testcase classname="RestAssuredDemo.DynamicJson" name="addBook" time="0.196"/>
  <testcase classname="RestAssuredDemo.DynamicJson" name="addBook" time="0.161"/>
  <testcase classname="RestAssuredDemo.DynamicJson" name="addBook" time="9.828"/>
</testsuite> <!-- RestAssuredDemo.DynamicJson -->
