<?xml version="1.0" encoding="UTF-8"?>
<!-- Generated by org.testng.reporters.JUnitReportReporter -->
<testsuite hostname="madhu-PC" failures="0" tests="1" name="RestAssuredDemo.SumValidation" time="3.076" errors="0" timestamp="2024-07-03T17:00:00 IST" skipped="0">
  <testcase classname="RestAssuredDemo.SumValidation" name="validateSum" time="3.076"/>
  <system-out/>
</testsuite> <!-- RestAssuredDemo.SumValidation -->
