<?xml version="1.0" encoding="UTF-8"?>
<!-- Generated by org.testng.reporters.JUnitReportReporter -->
<testsuite hostname="madhu-PC" failures="0" tests="1" name="RestAssuredDemo.DynamicJson" time="9.113" errors="0" timestamp="2024-09-30T18:14:10 IST" skipped="0">
  <testcase classname="RestAssuredDemo.DynamicJson" name="addBook" time="9.113"/>
</testsuite> <!-- RestAssuredDemo.DynamicJson -->
