<?xml version="1.0" encoding="UTF-8"?>
<!-- Generated by org.testng.reporters.JUnitReportReporter -->
<testsuite hostname="madhu-PC" failures="0" tests="1" name="RestAssuredDemo.SumValidation" time="9.737" errors="0" timestamp="2024-09-30T15:32:12 IST" skipped="0">
  <testcase classname="RestAssuredDemo.SumValidation" name="validateSum" time="9.737"/>
</testsuite> <!-- RestAssuredDemo.SumValidation -->
